# JRE version: Java(TM) SE Runtime Environment (8.0_77-b03) (build 1.8.0_77-b03)
# Java VM: Java HotSpot(TM) 64-Bit Server VM (25.77-b03 mixed mode windows-amd64 compressed oops)
Heap:
 PSYoungGen      total 104960K, used 15448K [0x00000000f5580000, 0x00000000ff700000, 0x0000000100000000)
  eden space 92672K, 3% used [0x00000000f5580000,0x00000000f589d308,0x00000000fb000000)
  from space 12288K, 99% used [0x00000000fb000000,0x00000000fbbf8fb0,0x00000000fbc00000)
  to   space 15872K, 0% used [0x00000000fe780000,0x00000000fe780000,0x00000000ff700000)
 ParOldGen       total 62464K, used 14804K [0x00000000e0000000, 0x00000000e3d00000, 0x00000000f5580000)
  object space 62464K, 23% used [0x00000000e0000000,0x00000000e0e75210,0x00000000e3d00000)
 Metaspace       used 33354K, capacity 33764K, committed 34176K, reserved 1079296K
  class space    used 4020K, capacity 4115K, committed 4224K, reserved 1048576K
GC Heap History (10 events):
Event: 3.452 GC heap before
{Heap before GC invocations=4 (full 0):
 PSYoungGen      total 38400K, used 20485K [0x00000000f5580000, 0x00000000fa080000, 0x0000000100000000)
  eden space 33280K, 46% used [0x00000000f5580000,0x00000000f6487188,0x00000000f7600000)
  from space 5120K, 99% used [0x00000000f7600000,0x00000000f7afa630,0x00000000f7b00000)
  to   space 5120K, 0% used [0x00000000f9b80000,0x00000000f9b80000,0x00000000fa080000)
 ParOldGen       total 87552K, used 6366K [0x00000000e0000000, 0x00000000e5580000, 0x00000000f5580000)
  object space 87552K, 7% used [0x00000000e0000000,0x00000000e0637860,0x00000000e5580000)
 Metaspace       used 20822K, capacity 21092K, committed 21296K, reserved 1069056K
  class space    used 2497K, capacity 2571K, committed 2688K, reserved 1048576K
Event: 3.471 GC heap after
Heap after GC invocations=4 (full 0):
 PSYoungGen      total 71680K, used 5113K [0x00000000f5580000, 0x00000000fa080000, 0x0000000100000000)
  eden space 66560K, 0% used [0x00000000f5580000,0x00000000f5580000,0x00000000f9680000)
  from space 5120K, 99% used [0x00000000f9b80000,0x00000000fa07e640,0x00000000fa080000)
  to   space 5120K, 0% used [0x00000000f9680000,0x00000000f9680000,0x00000000f9b80000)
 ParOldGen       total 87552K, used 7319K [0x00000000e0000000, 0x00000000e5580000, 0x00000000f5580000)
  object space 87552K, 8% used [0x00000000e0000000,0x00000000e0725e38,0x00000000e5580000)
 Metaspace       used 20822K, capacity 21092K, committed 21296K, reserved 1069056K
  class space    used 2497K, capacity 2571K, committed 2688K, reserved 1048576K
}
Event: 3.471 GC heap before
{Heap before GC invocations=5 (full 1):
 PSYoungGen      total 71680K, used 5113K [0x00000000f5580000, 0x00000000fa080000, 0x0000000100000000)
  eden space 66560K, 0% used [0x00000000f5580000,0x00000000f5580000,0x00000000f9680000)
  from space 5120K, 99% used [0x00000000f9b80000,0x00000000fa07e640,0x00000000fa080000)
  to   space 5120K, 0% used [0x00000000f9680000,0x00000000f9680000,0x00000000f9b80000)
 ParOldGen       total 87552K, used 7319K [0x00000000e0000000, 0x00000000e5580000, 0x00000000f5580000)
  object space 87552K, 8% used [0x00000000e0000000,0x00000000e0725e38,0x00000000e5580000)
 Metaspace       used 20822K, capacity 21092K, committed 21296K, reserved 1069056K
  class space    used 2497K, capacity 2571K, committed 2688K, reserved 1048576K
Event: 3.543 GC heap after
Heap after GC invocations=5 (full 1):
 PSYoungGen      total 71680K, used 0K [0x00000000f5580000, 0x00000000fa080000, 0x0000000100000000)
  eden space 66560K, 0% used [0x00000000f5580000,0x00000000f5580000,0x00000000f9680000)
  from space 5120K, 0% used [0x00000000f9b80000,0x00000000f9b80000,0x00000000fa080000)
  to   space 5120K, 0% used [0x00000000f9680000,0x00000000f9680000,0x00000000f9b80000)
 ParOldGen       total 62464K, used 6830K [0x00000000e0000000, 0x00000000e3d00000, 0x00000000f5580000)
  object space 62464K, 10% used [0x00000000e0000000,0x00000000e06aba28,0x00000000e3d00000)
 Metaspace       used 20822K, capacity 21092K, committed 21296K, reserved 1069056K
  class space    used 2497K, capacity 2571K, committed 2688K, reserved 1048576K
}
Event: 5.415 GC heap before
{Heap before GC invocations=6 (full 1):
 PSYoungGen      total 71680K, used 66560K [0x00000000f5580000, 0x00000000fa080000, 0x0000000100000000)
  eden space 66560K, 100% used [0x00000000f5580000,0x00000000f9680000,0x00000000f9680000)
  from space 5120K, 0% used [0x00000000f9b80000,0x00000000f9b80000,0x00000000fa080000)
  to   space 5120K, 0% used [0x00000000f9680000,0x00000000f9680000,0x00000000f9b80000)
 ParOldGen       total 62464K, used 6830K [0x00000000e0000000, 0x00000000e3d00000, 0x00000000f5580000)
  object space 62464K, 10% used [0x00000000e0000000,0x00000000e06aba28,0x00000000e3d00000)
 Metaspace       used 24628K, capacity 24984K, committed 25216K, reserved 1071104K
  class space    used 2995K, capacity 3092K, committed 3200K, reserved 1048576K
Event: 5.429 GC heap after
Heap after GC invocations=6 (full 1):
 PSYoungGen      total 71680K, used 5100K [0x00000000f5580000, 0x00000000fc500000, 0x0000000100000000)
  eden space 66560K, 0% used [0x00000000f5580000,0x00000000f5580000,0x00000000f9680000)
  from space 5120K, 99% used [0x00000000f9680000,0x00000000f9b7b0a0,0x00000000f9b80000)
  to   space 9216K, 0% used [0x00000000fbc00000,0x00000000fbc00000,0x00000000fc500000)
 ParOldGen       total 62464K, used 7538K [0x00000000e0000000, 0x00000000e3d00000, 0x00000000f5580000)
  object space 62464K, 12% used [0x00000000e0000000,0x00000000e075c808,0x00000000e3d00000)
 Metaspace       used 24628K, capacity 24984K, committed 25216K, reserved 1071104K
  class space    used 2995K, capacity 3092K, committed 3200K, reserved 1048576K
}
Event: 7.616 GC heap before
{Heap before GC invocations=7 (full 1):
 PSYoungGen      total 71680K, used 71660K [0x00000000f5580000, 0x00000000fc500000, 0x0000000100000000)
  eden space 66560K, 100% used [0x00000000f5580000,0x00000000f9680000,0x00000000f9680000)
  from space 5120K, 99% used [0x00000000f9680000,0x00000000f9b7b0a0,0x00000000f9b80000)
  to   space 9216K, 0% used [0x00000000fbc00000,0x00000000fbc00000,0x00000000fc500000)
 ParOldGen       total 62464K, used 7538K [0x00000000e0000000, 0x00000000e3d00000, 0x00000000f5580000)
  object space 62464K, 12% used [0x00000000e0000000,0x00000000e075c808,0x00000000e3d00000)
 Metaspace       used 29091K, capacity 29468K, committed 29824K, reserved 1075200K
  class space    used 3549K, capacity 3642K, committed 3712K, reserved 1048576K
Event: 7.630 GC heap after
Heap after GC invocations=7 (full 1):
 PSYoungGen      total 101888K, used 9187K [0x00000000f5580000, 0x00000000fc880000, 0x0000000100000000)
  eden space 92672K, 0% used [0x00000000f5580000,0x00000000f5580000,0x00000000fb000000)
  from space 9216K, 99% used [0x00000000fbc00000,0x00000000fc4f8fc0,0x00000000fc500000)
  to   space 12288K, 0% used [0x00000000fb000000,0x00000000fb000000,0x00000000fbc00000)
 ParOldGen       total 62464K, used 10870K [0x00000000e0000000, 0x00000000e3d00000, 0x00000000f5580000)
  object space 62464K, 17% used [0x00000000e0000000,0x00000000e0a9d978,0x00000000e3d00000)
 Metaspace       used 29091K, capacity 29468K, committed 29824K, reserved 1075200K
  class space    used 3549K, capacity 3642K, committed 3712K, reserved 1048576K
}
Event: 9.075 GC heap before
{Heap before GC invocations=8 (full 1):
 PSYoungGen      total 101888K, used 101859K [0x00000000f5580000, 0x00000000fc880000, 0x0000000100000000)
  eden space 92672K, 100% used [0x00000000f5580000,0x00000000fb000000,0x00000000fb000000)
  from space 9216K, 99% used [0x00000000fbc00000,0x00000000fc4f8fc0,0x00000000fc500000)
  to   space 12288K, 0% used [0x00000000fb000000,0x00000000fb000000,0x00000000fbc00000)
 ParOldGen       total 62464K, used 10870K [0x00000000e0000000, 0x00000000e3d00000, 0x00000000f5580000)
  object space 62464K, 17% used [0x00000000e0000000,0x00000000e0a9d978,0x00000000e3d00000)
 Metaspace       used 33351K, capacity 33700K, committed 34176K, reserved 1079296K
  class space    used 4019K, capacity 4115K, committed 4224K, reserved 1048576K
Event: 9.111 GC heap after
Heap after GC invocations=8 (full 1):
 PSYoungGen      total 104960K, used 12259K [0x00000000f5580000, 0x00000000ff700000, 0x0000000100000000)
  eden space 92672K, 0% used [0x00000000f5580000,0x00000000f5580000,0x00000000fb000000)
  from space 12288K, 99% used [0x00000000fb000000,0x00000000fbbf8fb0,0x00000000fbc00000)
  to   space 15872K, 0% used [0x00000000fe780000,0x00000000fe780000,0x00000000ff700000)
 ParOldGen       total 62464K, used 14804K [0x00000000e0000000, 0x00000000e3d00000, 0x00000000f5580000)
  object space 62464K, 23% used [0x00000000e0000000,0x00000000e0e75210,0x00000000e3d00000)
 Metaspace       used 33351K, capacity 33700K, committed 34176K, reserved 1079296K
  class space    used 4019K, capacity 4115K, committed 4224K, reserved 1048576K
}

